{"timestamp":"2025-04-09T17:40:28.654Z","logLevel":"info","context":"general","message":"Browsertrix-Crawler 1.5.11 (with warcio.js 2.4.4)","details":{}}
{"timestamp":"2025-04-09T17:40:28.655Z","logLevel":"info","context":"general","message":"Seeds","details":[{"url":"https://storymaps.arcgis.com/stories/a5b7344694294a52a0d6490149bdcf2d","scopeType":"prefix","include":["/^https?:\\/\\/storymaps\\.arcgis\\.com\\/stories\\//"],"exclude":[],"allowHash":false,"depth":-1,"sitemap":null,"auth":null,"_authEncoded":null,"maxExtraHops":0,"maxDepth":1000000}]}
{"timestamp":"2025-04-09T17:40:28.655Z","logLevel":"info","context":"general","message":"Link Selectors","details":[{"selector":"a[href]","extract":"href","isAttribute":false}]}
{"timestamp":"2025-04-09T17:40:28.655Z","logLevel":"info","context":"general","message":"Behavior Options","details":{"message":"{\"autoplay\":true,\"autofetch\":true,\"autoscroll\":true,\"siteSpecific\":true,\"log\":\"__bx_log\",\"startEarly\":true,\"clickSelector\":\"a\"}"}}
{"timestamp":"2025-04-09T17:40:29.601Z","logLevel":"info","context":"worker","message":"Creating 1 workers","details":{}}
{"timestamp":"2025-04-09T17:40:29.601Z","logLevel":"info","context":"worker","message":"Worker starting","details":{"workerid":0}}
{"timestamp":"2025-04-09T17:40:29.671Z","logLevel":"info","context":"worker","message":"Starting page","details":{"workerid":0,"page":"https://storymaps.arcgis.com/stories/a5b7344694294a52a0d6490149bdcf2d"}}
{"timestamp":"2025-04-09T17:40:29.671Z","logLevel":"info","context":"crawlStatus","message":"Crawl statistics","details":{"crawled":0,"total":1,"pending":1,"failed":0,"limit":{"max":0,"hit":false},"pendingPages":["{\"seedId\":0,\"started\":\"2025-04-09T17:40:29.602Z\",\"extraHops\":0,\"url\":\"https:\\/\\/storymaps.arcgis.com\\/stories\\/a5b7344694294a52a0d6490149bdcf2d\",\"added\":\"2025-04-09T17:40:29.034Z\",\"depth\":0}"]}}
{"timestamp":"2025-04-09T17:40:29.948Z","logLevel":"info","context":"general","message":"Awaiting page load","details":{"page":"https://storymaps.arcgis.com/stories/a5b7344694294a52a0d6490149bdcf2d","workerid":0}}
{"timestamp":"2025-04-09T17:40:30.517Z","logLevel":"warn","context":"recorder","message":"Skipping URL from unknown frame","details":{"url":"https://storymaps.arcgis.com/stories/a5b7344694294a52a0d6490149bdcf2d","frameId":"EBE31472F32A8A49C1F26443393F653C"}}
{"timestamp":"2025-04-09T17:40:35.885Z","logLevel":"info","context":"behavior","message":"Running behaviors","details":{"frames":1,"frameUrls":["https://storymaps.arcgis.com/stories/a5b7344694294a52a0d6490149bdcf2d"],"page":"https://storymaps.arcgis.com/stories/a5b7344694294a52a0d6490149bdcf2d","workerid":0}}
{"timestamp":"2025-04-09T17:40:35.886Z","logLevel":"info","context":"behavior","message":"Run Script Started","details":{"frameUrl":"https://storymaps.arcgis.com/stories/a5b7344694294a52a0d6490149bdcf2d","page":"https://storymaps.arcgis.com/stories/a5b7344694294a52a0d6490149bdcf2d","workerid":0}}
{"timestamp":"2025-04-09T17:40:36.400Z","logLevel":"info","context":"behavior","message":"Run Script Finished","details":{"frameUrl":"https://storymaps.arcgis.com/stories/a5b7344694294a52a0d6490149bdcf2d","page":"https://storymaps.arcgis.com/stories/a5b7344694294a52a0d6490149bdcf2d","workerid":0}}
{"timestamp":"2025-04-09T17:40:36.400Z","logLevel":"info","context":"behavior","message":"Behaviors finished","details":{"finished":1,"page":"https://storymaps.arcgis.com/stories/a5b7344694294a52a0d6490149bdcf2d","workerid":0}}
{"timestamp":"2025-04-09T17:40:38.909Z","logLevel":"info","context":"pageStatus","message":"Page Finished","details":{"loadState":4,"page":"https://storymaps.arcgis.com/stories/a5b7344694294a52a0d6490149bdcf2d","workerid":0}}
{"timestamp":"2025-04-09T17:40:38.930Z","logLevel":"info","context":"worker","message":"Worker done, all tasks complete","details":{"workerid":0}}
{"timestamp":"2025-04-09T17:40:39.036Z","logLevel":"info","context":"crawlStatus","message":"Crawl statistics","details":{"crawled":1,"total":1,"pending":0,"failed":0,"limit":{"max":0,"hit":false},"pendingPages":[]}}
{"timestamp":"2025-04-09T17:40:39.037Z","logLevel":"info","context":"general","message":"Crawling done","details":{}}
{"timestamp":"2025-04-09T17:40:39.037Z","logLevel":"info","context":"general","message":"Merging CDX","details":{}}
{"timestamp":"2025-04-09T17:40:39.047Z","logLevel":"info","context":"general","message":"Generating WACZ","details":{}}
{"timestamp":"2025-04-09T17:40:39.048Z","logLevel":"info","context":"general","message":"Num WARC Files: 1","details":{}}
